Configuration on demand is an incubating feature.
> Task :app:preBuild UP-TO-DATE
> Task :app:preDebugBuild UP-TO-DATE
> Task :app:mergeDebugNativeDebugMetadata NO-SOURCE
> Task :app:checkKotlinGradlePluginConfigurationErrors SKIPPED
> Task :app:checkDebugAarMetadata UP-TO-DATE
> Task :app:generateDebugResValues UP-TO-DATE
> Task :app:mapDebugSourceSetPaths UP-TO-DATE
> Task :app:generateDebugResources UP-TO-DATE
> Task :app:mergeDebugResources UP-TO-DATE
> Task :app:packageDebugResources UP-TO-DATE
> Task :app:parseDebugLocalResources UP-TO-DATE
> Task :app:createDebugCompatibleScreenManifests UP-TO-DATE
> Task :app:extractDeepLinksDebug UP-TO-DATE
> Task :app:processDebugMainManifest UP-TO-DATE
> Task :app:processDebugManifest UP-TO-DATE
> Task :app:processDebugManifestForPackage UP-TO-DATE
> Task :app:processDebugResources UP-TO-DATE
> Task :app:javaPreCompileDebug UP-TO-DATE
> Task :app:mergeDebugShaders UP-TO-DATE
> Task :app:compileDebugShaders NO-SOURCE
> Task :app:generateDebugAssets UP-TO-DATE
> Task :app:mergeDebugAssets UP-TO-DATE
> Task :app:compressDebugAssets UP-TO-DATE
> Task :app:desugarDebugFileDependencies UP-TO-DATE
> Task :app:checkDebugDuplicateClasses UP-TO-DATE
> Task :app:mergeExtDexDebug UP-TO-DATE
> Task :app:mergeLibDexDebug UP-TO-DATE
> Task :app:mergeDebugJniLibFolders UP-TO-DATE
> Task :app:mergeDebugNativeLibs UP-TO-DATE
> Task :app:stripDebugDebugSymbols UP-TO-DATE
> Task :app:validateSigningDebug UP-TO-DATE
> Task :app:writeDebugAppMetadata UP-TO-DATE
> Task :app:writeDebugSigningConfigVersions UP-TO-DATE
> Task :app:kspDebugKotlin

> Task :app:compileDebugKotlin FAILED
e: file:///app/app/src/main/java/com/facelapse/app/ui/project/ProjectViewModel.kt:265:31 Unresolved reference 'withPermit'.
e: file:///app/app/src/main/java/com/facelapse/app/ui/project/ProjectViewModel.kt:266:50 Suspension functions can only be called within coroutine body.
e: file:///app/app/src/main/java/com/facelapse/app/ui/project/ProjectViewModel.kt:269:61 Suspension functions can only be called within coroutine body.
e: file:///app/app/src/main/java/com/facelapse/app/ui/project/ProjectViewModel.kt:273:44 Suspension functions can only be called within coroutine body.
e: file:///app/app/src/main/java/com/facelapse/app/ui/project/ProjectViewModel.kt:274:33 'return' is prohibited here.
e: file:///app/app/src/main/java/com/facelapse/app/ui/project/ProjectViewModel.kt:281:67 Suspension functions can only be called within coroutine body.
e: file:///app/app/src/main/java/com/facelapse/app/ui/project/ProjectViewModel.kt:301:44 Suspension functions can only be called within coroutine body.
e: file:///app/app/src/main/java/com/facelapse/app/ui/project/ProjectViewModel.kt:303:44 Suspension functions can only be called within coroutine body.
e: file:///app/app/src/main/java/com/facelapse/app/ui/project/ProjectViewModel.kt:310:36 Suspension functions can only be called within coroutine body.

FAILURE: Build failed with an exception.

* What went wrong:
Execution failed for task ':app:compileDebugKotlin'.
> A failure occurred while executing org.jetbrains.kotlin.compilerRunner.GradleCompilerRunnerWithWorkers$GradleKotlinCompilerWorkAction
   > Compilation error. See log for more details

* Try:
> Run with --stacktrace option to get the stack trace.
> Run with --info or --debug option to get more log output.
> Run with --scan to get full insights.
> Get more help at https://help.gradle.org.

BUILD FAILED in 24s
29 actionable tasks: 2 executed, 27 up-to-date
